e:\xlua\xtlua\release\64\xlua.lib
e:\xlua\xtlua\release\64\xlua.exp
e:\xlua\xtlua\release\64\vc142.pdb
e:\xlua\xtlua\release\64\xptimers.obj
e:\xlua\xtlua\release\64\xpfuncs.obj
e:\xlua\xtlua\release\64\xpmtdatarefs.obj
e:\xlua\xtlua\release\64\xpdatarefs.obj
e:\xlua\xtlua\release\64\xpcommands.obj
e:\xlua\xtlua\release\64\xlua.obj
e:\xlua\xtlua\release\64\module.obj
e:\xlua\xtlua\release\64\lua_helpers.obj
e:\xlua\xtlua\release\plugins\xtlua\64\win.xpl
e:\xlua\xtlua\release\plugins\xtlua\64\win.pdb
e:\xlua\xtlua\.\release\plugins\xtlua\64\win.xpl
e:\xlua\xtlua\release\64\xtlua.tlog\cl.command.1.tlog
e:\xlua\xtlua\release\64\xtlua.tlog\cl.read.1.tlog
e:\xlua\xtlua\release\64\xtlua.tlog\link.read.1.tlog
e:\xlua\xtlua\release\64\xtlua.tlog\xtlua.write.1u.tlog
e:\xlua\xtlua\release\64\xtlua.tlog\cl.write.1.tlog
e:\xlua\xtlua\release\64\xtlua.tlog\link.write.1.tlog
e:\xlua\xtlua\release\64\xtlua.tlog\link.command.1.tlog
