z:\xlua\release\64\vc142.pdb
z:\xlua\release\64\xptimers.obj
z:\xlua\release\64\xpfuncs.obj
z:\xlua\release\64\xpdatarefs.obj
z:\xlua\release\64\xpcommands.obj
z:\xlua\release\64\xlua.obj
z:\xlua\release\64\module.obj
z:\xlua\release\64\lua_helpers.obj
z:\xlua\release\64\xlua.lib
z:\xlua\release\64\xlua.exp
z:\xlua\release\plugins\xlua\64\win.xpl
z:\xlua\release\plugins\xlua\64\win.pdb
z:\xlua\.\release\plugins\xlua\64\win.xpl
z:\xlua\release\64\xlua.tlog\cl.command.1.tlog
z:\xlua\release\64\xlua.tlog\cl.read.1.tlog
z:\xlua\release\64\xlua.tlog\link.read.1.tlog
z:\xlua\release\64\xlua.tlog\cl.write.1.tlog
z:\xlua\release\64\xlua.tlog\xlua.write.1u.tlog
z:\xlua\release\64\xlua.tlog\link.write.1.tlog
z:\xlua\release\64\xlua.tlog\link.delete.1.tlog
z:\xlua\release\64\xlua.tlog\link.command.1.tlog
