     Creating library .\Debug\32\xlua.lib and object .\Debug\32\xlua.exp
lua_helpers.obj : error LNK2019: unresolved external symbol _lua_gettop referenced in function "int __cdecl lua_pushtraceback(struct lua_State *)" (?lua_pushtraceback@@YAHPAUlua_State@@@Z)
lua_helpers.obj : error LNK2019: unresolved external symbol _lua_settop referenced in function "int __cdecl vfmt_pcall(struct lua_State *,int,char const *,char *)" (?vfmt_pcall@@YAHPAUlua_State@@HPBDPAD@Z)
module.obj : error LNK2001: unresolved external symbol _lua_settop
xpfuncs.obj : error LNK2001: unresolved external symbol _lua_settop
lua_helpers.obj : error LNK2019: unresolved external symbol _lua_pushvalue referenced in function "int __cdecl traceback(struct lua_State *)" (?traceback@@YAHPAUlua_State@@@Z)
xpfuncs.obj : error LNK2001: unresolved external symbol _lua_pushvalue
lua_helpers.obj : error LNK2019: unresolved external symbol _lua_tolstring referenced in function "int __cdecl vfmt_pcall(struct lua_State *,int,char const *,char *)" (?vfmt_pcall@@YAHPAUlua_State@@HPBDPAD@Z)
module.obj : error LNK2001: unresolved external symbol _lua_tolstring
lua_helpers.obj : error LNK2019: unresolved external symbol _lua_pushnumber referenced in function "int __cdecl vfmt_pcall(struct lua_State *,int,char const *,char *)" (?vfmt_pcall@@YAHPAUlua_State@@HPBDPAD@Z)
xpfuncs.obj : error LNK2001: unresolved external symbol _lua_pushnumber
lua_helpers.obj : error LNK2019: unresolved external symbol _lua_pushinteger referenced in function "int __cdecl vfmt_pcall(struct lua_State *,int,char const *,char *)" (?vfmt_pcall@@YAHPAUlua_State@@HPBDPAD@Z)
lua_helpers.obj : error LNK2019: unresolved external symbol _lua_pushstring referenced in function "int __cdecl vfmt_pcall(struct lua_State *,int,char const *,char *)" (?vfmt_pcall@@YAHPAUlua_State@@HPBDPAD@Z)
xpfuncs.obj : error LNK2001: unresolved external symbol _lua_pushstring
lua_helpers.obj : error LNK2019: unresolved external symbol _lua_pushcclosure referenced in function "int __cdecl lua_pushtraceback(struct lua_State *)" (?lua_pushtraceback@@YAHPAUlua_State@@@Z)
xpfuncs.obj : error LNK2001: unresolved external symbol _lua_pushcclosure
lua_helpers.obj : error LNK2019: unresolved external symbol _lua_getfield referenced in function "int __cdecl traceback(struct lua_State *)" (?traceback@@YAHPAUlua_State@@@Z)
module.obj : error LNK2001: unresolved external symbol _lua_getfield
lua_helpers.obj : error LNK2019: unresolved external symbol _lua_call referenced in function "int __cdecl traceback(struct lua_State *)" (?traceback@@YAHPAUlua_State@@@Z)
lua_helpers.obj : error LNK2019: unresolved external symbol _lua_pcall referenced in function "int __cdecl vfmt_pcall(struct lua_State *,int,char const *,char *)" (?vfmt_pcall@@YAHPAUlua_State@@HPBDPAD@Z)
module.obj : error LNK2001: unresolved external symbol _lua_pcall
lua_helpers.obj : error LNK2019: unresolved external symbol _luaL_traceback referenced in function "int __cdecl traceback(struct lua_State *)" (?traceback@@YAHPAUlua_State@@@Z)
module.obj : error LNK2019: unresolved external symbol _lua_newstate referenced in function "public: __thiscall module::module(char const *,char const *,char const *,void * (__cdecl*)(void *,void *,unsigned int,unsigned int),void *)" (??0module@@QAE@PBD00P6APAXPAX1II@Z1@Z)
module.obj : error LNK2019: unresolved external symbol _lua_close referenced in function "public: __thiscall module::module(char const *,char const *,char const *,void * (__cdecl*)(void *,void *,unsigned int,unsigned int),void *)" (??0module@@QAE@PBD00P6APAXPAX1II@Z1@Z)
module.obj : error LNK2019: unresolved external symbol _lua_type referenced in function "public: static class module * __cdecl module::module_from_interp(struct lua_State *)" (?module_from_interp@module@@SAPAV1@PAUlua_State@@@Z)
xpfuncs.obj : error LNK2001: unresolved external symbol _lua_type
module.obj : error LNK2019: unresolved external symbol _lua_touserdata referenced in function "public: static class module * __cdecl module::module_from_interp(struct lua_State *)" (?module_from_interp@module@@SAPAV1@PAUlua_State@@@Z)
xpfuncs.obj : error LNK2001: unresolved external symbol _lua_touserdata
module.obj : error LNK2019: unresolved external symbol _lua_pushlightuserdata referenced in function "public: __thiscall module::module(char const *,char const *,char const *,void * (__cdecl*)(void *,void *,unsigned int,unsigned int),void *)" (??0module@@QAE@PBD00P6APAXPAX1II@Z1@Z)
xpfuncs.obj : error LNK2001: unresolved external symbol _lua_pushlightuserdata
module.obj : error LNK2019: unresolved external symbol _lua_setfield referenced in function "public: __thiscall module::module(char const *,char const *,char const *,void * (__cdecl*)(void *,void *,unsigned int,unsigned int),void *)" (??0module@@QAE@PBD00P6APAXPAX1II@Z1@Z)
xpfuncs.obj : error LNK2001: unresolved external symbol _lua_setfield
module.obj : error LNK2019: unresolved external symbol _luaL_openlibs referenced in function "public: __thiscall module::module(char const *,char const *,char const *,void * (__cdecl*)(void *,void *,unsigned int,unsigned int),void *)" (??0module@@QAE@PBD00P6APAXPAX1II@Z1@Z)
module.obj : error LNK2019: unresolved external symbol _luaL_error referenced in function "public: int __thiscall module::load_module_relative_path(class std::basic_string<char,struct std::char_traits<char>,class std::allocator<char> > const &)" (?load_module_relative_path@module@@QAEHABV?$basic_string@DU?$char_traits@D@std@@V?$allocator@D@2@@std@@@Z)
module.obj : error LNK2019: unresolved external symbol _luaL_loadbuffer referenced in function "public: __thiscall module::module(char const *,char const *,char const *,void * (__cdecl*)(void *,void *,unsigned int,unsigned int),void *)" (??0module@@QAE@PBD00P6APAXPAX1II@Z1@Z)
xpfuncs.obj : error LNK2019: unresolved external symbol _lua_tonumber referenced in function "int __cdecl XLuaRunTimer(struct lua_State *)" (?XLuaRunTimer@@YAHPAUlua_State@@@Z)
xpfuncs.obj : error LNK2019: unresolved external symbol _lua_pushnil referenced in function "int __cdecl XLuaFindCommand(struct lua_State *)" (?XLuaFindCommand@@YAHPAUlua_State@@@Z)
xpfuncs.obj : error LNK2019: unresolved external symbol _lua_pushboolean referenced in function "int __cdecl XLuaIsTimerScheduled(struct lua_State *)" (?XLuaIsTimerScheduled@@YAHPAUlua_State@@@Z)
xpfuncs.obj : error LNK2019: unresolved external symbol _lua_rawgeti referenced in function "struct lua_State * __cdecl setup_lua_callback(void *)" (?setup_lua_callback@@YAPAUlua_State@@PAX@Z)
xpfuncs.obj : error LNK2019: unresolved external symbol _luaL_argerror referenced in function "struct notify_cb_t * __cdecl wrap_lua_func(struct lua_State *,int)" (?wrap_lua_func@@YAPAUnotify_cb_t@@PAUlua_State@@H@Z)
xpfuncs.obj : error LNK2019: unresolved external symbol _luaL_checklstring referenced in function "int __cdecl XLuaGetCode(struct lua_State *)" (?XLuaGetCode@@YAHPAUlua_State@@@Z)
xpfuncs.obj : error LNK2019: unresolved external symbol _luaL_checknumber referenced in function "int __cdecl XLuaSetNumber(struct lua_State *)" (?XLuaSetNumber@@YAHPAUlua_State@@@Z)
xpfuncs.obj : error LNK2019: unresolved external symbol _luaL_checktype referenced in function "struct notify_cb_t * __cdecl wrap_lua_func(struct lua_State *,int)" (?wrap_lua_func@@YAPAUnotify_cb_t@@PAUlua_State@@H@Z)
xpfuncs.obj : error LNK2019: unresolved external symbol _luaL_ref referenced in function "struct notify_cb_t * __cdecl wrap_lua_func(struct lua_State *,int)" (?wrap_lua_func@@YAPAUnotify_cb_t@@PAUlua_State@@H@Z)
.\Debug\plugins\xlua\32\win.xpl : fatal error LNK1120: 30 unresolved externals
